0 info it worked if it ends with ok
1 verbose cli [ 'node', '/usr/local/bin/npm', 'install' ]
2 info using npm@1.4.28
3 info using node@v0.10.32
4 warn package.json helloworld@1.0.0 No repository field.
5 verbose readDependencies using package.json deps
6 verbose install where, deps [ '/Users/chadreynolds/SourceCode/github.com/seerey/helloworld',
6 verbose install   [ 'browserify',
6 verbose install     'chai',
6 verbose install     'gulp',
6 verbose install     'gulp-concat',
6 verbose install     'gulp-cssmin',
6 verbose install     'gulp-if',
6 verbose install     'gulp-livereload',
6 verbose install     'gulp-notify',
6 verbose install     'gulp-streamify',
6 verbose install     'gulp-uglify',
6 verbose install     'gulp-util',
6 verbose install     'karma',
6 verbose install     'karma-bro',
6 verbose install     'karma-chrome-launcher',
6 verbose install     'karma-firefox-launcher',
6 verbose install     'karma-mocha',
6 verbose install     'karma-phantomjs-launcher',
6 verbose install     'mocha',
6 verbose install     'react',
6 verbose install     'react-tools',
6 verbose install     'reactify',
6 verbose install     'vinyl-source-stream',
6 verbose install     'watchify' ] ]
7 info preinstall helloworld@1.0.0
8 verbose readDependencies using package.json deps
9 verbose cache add [ 'browserify@^5.9.3', null ]
10 verbose cache add name=undefined spec="browserify@^5.9.3" args=["browserify@^5.9.3",null]
11 verbose parsed url { protocol: null,
11 verbose parsed url   slashes: null,
11 verbose parsed url   auth: null,
11 verbose parsed url   host: null,
11 verbose parsed url   port: null,
11 verbose parsed url   hostname: null,
11 verbose parsed url   hash: null,
11 verbose parsed url   search: null,
11 verbose parsed url   query: null,
11 verbose parsed url   pathname: 'browserify@^5.9.3',
11 verbose parsed url   path: 'browserify@^5.9.3',
11 verbose parsed url   href: 'browserify@^5.9.3' }
12 verbose cache add [ 'chai@^1.9.1', null ]
13 verbose cache add name=undefined spec="chai@^1.9.1" args=["chai@^1.9.1",null]
14 verbose parsed url { protocol: null,
14 verbose parsed url   slashes: null,
14 verbose parsed url   auth: null,
14 verbose parsed url   host: null,
14 verbose parsed url   port: null,
14 verbose parsed url   hostname: null,
14 verbose parsed url   hash: null,
14 verbose parsed url   search: null,
14 verbose parsed url   query: null,
14 verbose parsed url   pathname: 'chai@^1.9.1',
14 verbose parsed url   path: 'chai@^1.9.1',
14 verbose parsed url   href: 'chai@^1.9.1' }
15 verbose cache add [ 'gulp@^3.8.7', null ]
16 verbose cache add name=undefined spec="gulp@^3.8.7" args=["gulp@^3.8.7",null]
17 verbose parsed url { protocol: null,
17 verbose parsed url   slashes: null,
17 verbose parsed url   auth: null,
17 verbose parsed url   host: null,
17 verbose parsed url   port: null,
17 verbose parsed url   hostname: null,
17 verbose parsed url   hash: null,
17 verbose parsed url   search: null,
17 verbose parsed url   query: null,
17 verbose parsed url   pathname: 'gulp@^3.8.7',
17 verbose parsed url   path: 'gulp@^3.8.7',
17 verbose parsed url   href: 'gulp@^3.8.7' }
18 verbose cache add [ 'gulp-concat@^2.3.4', null ]
19 verbose cache add name=undefined spec="gulp-concat@^2.3.4" args=["gulp-concat@^2.3.4",null]
20 verbose parsed url { protocol: null,
20 verbose parsed url   slashes: null,
20 verbose parsed url   auth: null,
20 verbose parsed url   host: null,
20 verbose parsed url   port: null,
20 verbose parsed url   hostname: null,
20 verbose parsed url   hash: null,
20 verbose parsed url   search: null,
20 verbose parsed url   query: null,
20 verbose parsed url   pathname: 'gulp-concat@^2.3.4',
20 verbose parsed url   path: 'gulp-concat@^2.3.4',
20 verbose parsed url   href: 'gulp-concat@^2.3.4' }
21 verbose cache add [ 'gulp-cssmin@^0.1.6', null ]
22 verbose cache add name=undefined spec="gulp-cssmin@^0.1.6" args=["gulp-cssmin@^0.1.6",null]
23 verbose parsed url { protocol: null,
23 verbose parsed url   slashes: null,
23 verbose parsed url   auth: null,
23 verbose parsed url   host: null,
23 verbose parsed url   port: null,
23 verbose parsed url   hostname: null,
23 verbose parsed url   hash: null,
23 verbose parsed url   search: null,
23 verbose parsed url   query: null,
23 verbose parsed url   pathname: 'gulp-cssmin@^0.1.6',
23 verbose parsed url   path: 'gulp-cssmin@^0.1.6',
23 verbose parsed url   href: 'gulp-cssmin@^0.1.6' }
24 verbose cache add name="browserify" spec="^5.9.3" args=["browserify","^5.9.3"]
25 verbose parsed url { protocol: null,
25 verbose parsed url   slashes: null,
25 verbose parsed url   auth: null,
25 verbose parsed url   host: null,
25 verbose parsed url   port: null,
25 verbose parsed url   hostname: null,
25 verbose parsed url   hash: null,
25 verbose parsed url   search: null,
25 verbose parsed url   query: null,
25 verbose parsed url   pathname: '^5.9.3',
25 verbose parsed url   path: '^5.9.3',
25 verbose parsed url   href: '^5.9.3' }
26 verbose addNamed [ 'browserify', '^5.9.3' ]
27 verbose addNamed [ null, '>=5.9.3-0 <6.0.0-0' ]
28 verbose cache add name="chai" spec="^1.9.1" args=["chai","^1.9.1"]
29 verbose parsed url { protocol: null,
29 verbose parsed url   slashes: null,
29 verbose parsed url   auth: null,
29 verbose parsed url   host: null,
29 verbose parsed url   port: null,
29 verbose parsed url   hostname: null,
29 verbose parsed url   hash: null,
29 verbose parsed url   search: null,
29 verbose parsed url   query: null,
29 verbose parsed url   pathname: '^1.9.1',
29 verbose parsed url   path: '^1.9.1',
29 verbose parsed url   href: '^1.9.1' }
30 verbose addNamed [ 'chai', '^1.9.1' ]
31 verbose addNamed [ null, '>=1.9.1-0 <2.0.0-0' ]
32 verbose cache add name="gulp" spec="^3.8.7" args=["gulp","^3.8.7"]
33 verbose parsed url { protocol: null,
33 verbose parsed url   slashes: null,
33 verbose parsed url   auth: null,
33 verbose parsed url   host: null,
33 verbose parsed url   port: null,
33 verbose parsed url   hostname: null,
33 verbose parsed url   hash: null,
33 verbose parsed url   search: null,
33 verbose parsed url   query: null,
33 verbose parsed url   pathname: '^3.8.7',
33 verbose parsed url   path: '^3.8.7',
33 verbose parsed url   href: '^3.8.7' }
34 verbose addNamed [ 'gulp', '^3.8.7' ]
35 verbose addNamed [ null, '>=3.8.7-0 <4.0.0-0' ]
36 verbose cache add name="gulp-concat" spec="^2.3.4" args=["gulp-concat","^2.3.4"]
37 verbose parsed url { protocol: null,
37 verbose parsed url   slashes: null,
37 verbose parsed url   auth: null,
37 verbose parsed url   host: null,
37 verbose parsed url   port: null,
37 verbose parsed url   hostname: null,
37 verbose parsed url   hash: null,
37 verbose parsed url   search: null,
37 verbose parsed url   query: null,
37 verbose parsed url   pathname: '^2.3.4',
37 verbose parsed url   path: '^2.3.4',
37 verbose parsed url   href: '^2.3.4' }
38 verbose addNamed [ 'gulp-concat', '^2.3.4' ]
39 verbose addNamed [ null, '>=2.3.4-0 <3.0.0-0' ]
40 verbose cache add name="gulp-cssmin" spec="^0.1.6" args=["gulp-cssmin","^0.1.6"]
41 verbose parsed url { protocol: null,
41 verbose parsed url   slashes: null,
41 verbose parsed url   auth: null,
41 verbose parsed url   host: null,
41 verbose parsed url   port: null,
41 verbose parsed url   hostname: null,
41 verbose parsed url   hash: null,
41 verbose parsed url   search: null,
41 verbose parsed url   query: null,
41 verbose parsed url   pathname: '^0.1.6',
41 verbose parsed url   path: '^0.1.6',
41 verbose parsed url   href: '^0.1.6' }
42 verbose addNamed [ 'gulp-cssmin', '^0.1.6' ]
43 verbose addNamed [ null, '>=0.1.6-0 <0.2.0-0' ]
44 verbose cache add [ 'gulp-if@^1.2.4', null ]
45 verbose cache add name=undefined spec="gulp-if@^1.2.4" args=["gulp-if@^1.2.4",null]
46 verbose parsed url { protocol: null,
46 verbose parsed url   slashes: null,
46 verbose parsed url   auth: null,
46 verbose parsed url   host: null,
46 verbose parsed url   port: null,
46 verbose parsed url   hostname: null,
46 verbose parsed url   hash: null,
46 verbose parsed url   search: null,
46 verbose parsed url   query: null,
46 verbose parsed url   pathname: 'gulp-if@^1.2.4',
46 verbose parsed url   path: 'gulp-if@^1.2.4',
46 verbose parsed url   href: 'gulp-if@^1.2.4' }
47 verbose cache add [ 'gulp-livereload@^2.1.0', null ]
48 verbose cache add name=undefined spec="gulp-livereload@^2.1.0" args=["gulp-livereload@^2.1.0",null]
49 verbose parsed url { protocol: null,
49 verbose parsed url   slashes: null,
49 verbose parsed url   auth: null,
49 verbose parsed url   host: null,
49 verbose parsed url   port: null,
49 verbose parsed url   hostname: null,
49 verbose parsed url   hash: null,
49 verbose parsed url   search: null,
49 verbose parsed url   query: null,
49 verbose parsed url   pathname: 'gulp-livereload@^2.1.0',
49 verbose parsed url   path: 'gulp-livereload@^2.1.0',
49 verbose parsed url   href: 'gulp-livereload@^2.1.0' }
50 verbose cache add [ 'gulp-notify@^1.4.2', null ]
51 verbose cache add name=undefined spec="gulp-notify@^1.4.2" args=["gulp-notify@^1.4.2",null]
52 verbose parsed url { protocol: null,
52 verbose parsed url   slashes: null,
52 verbose parsed url   auth: null,
52 verbose parsed url   host: null,
52 verbose parsed url   port: null,
52 verbose parsed url   hostname: null,
52 verbose parsed url   hash: null,
52 verbose parsed url   search: null,
52 verbose parsed url   query: null,
52 verbose parsed url   pathname: 'gulp-notify@^1.4.2',
52 verbose parsed url   path: 'gulp-notify@^1.4.2',
52 verbose parsed url   href: 'gulp-notify@^1.4.2' }
53 verbose cache add [ 'gulp-streamify@0.0.5', null ]
54 verbose cache add name=undefined spec="gulp-streamify@0.0.5" args=["gulp-streamify@0.0.5",null]
55 verbose parsed url { protocol: null,
55 verbose parsed url   slashes: null,
55 verbose parsed url   auth: null,
55 verbose parsed url   host: null,
55 verbose parsed url   port: null,
55 verbose parsed url   hostname: null,
55 verbose parsed url   hash: null,
55 verbose parsed url   search: null,
55 verbose parsed url   query: null,
55 verbose parsed url   pathname: 'gulp-streamify@0.0.5',
55 verbose parsed url   path: 'gulp-streamify@0.0.5',
55 verbose parsed url   href: 'gulp-streamify@0.0.5' }
56 silly lockFile 659cf069-browserify-5-9-3 browserify@^5.9.3
57 verbose lock browserify@^5.9.3 /Users/chadreynolds/.npm/659cf069-browserify-5-9-3.lock
58 silly lockFile ceb96bca-chai-1-9-1 chai@^1.9.1
59 verbose lock chai@^1.9.1 /Users/chadreynolds/.npm/ceb96bca-chai-1-9-1.lock
60 silly lockFile f00a0921-gulp-3-8-7 gulp@^3.8.7
61 verbose lock gulp@^3.8.7 /Users/chadreynolds/.npm/f00a0921-gulp-3-8-7.lock
62 silly lockFile 25c49fc1-gulp-concat-2-3-4 gulp-concat@^2.3.4
63 verbose lock gulp-concat@^2.3.4 /Users/chadreynolds/.npm/25c49fc1-gulp-concat-2-3-4.lock
64 silly lockFile 17763961-gulp-cssmin-0-1-6 gulp-cssmin@^0.1.6
65 verbose lock gulp-cssmin@^0.1.6 /Users/chadreynolds/.npm/17763961-gulp-cssmin-0-1-6.lock
66 verbose cache add name="gulp-if" spec="^1.2.4" args=["gulp-if","^1.2.4"]
67 verbose parsed url { protocol: null,
67 verbose parsed url   slashes: null,
67 verbose parsed url   auth: null,
67 verbose parsed url   host: null,
67 verbose parsed url   port: null,
67 verbose parsed url   hostname: null,
67 verbose parsed url   hash: null,
67 verbose parsed url   search: null,
67 verbose parsed url   query: null,
67 verbose parsed url   pathname: '^1.2.4',
67 verbose parsed url   path: '^1.2.4',
67 verbose parsed url   href: '^1.2.4' }
68 verbose addNamed [ 'gulp-if', '^1.2.4' ]
69 verbose addNamed [ null, '>=1.2.4-0 <2.0.0-0' ]
70 silly lockFile cc1c858e-gulp-if-1-2-4 gulp-if@^1.2.4
71 verbose lock gulp-if@^1.2.4 /Users/chadreynolds/.npm/cc1c858e-gulp-if-1-2-4.lock
72 verbose cache add name="gulp-livereload" spec="^2.1.0" args=["gulp-livereload","^2.1.0"]
73 verbose parsed url { protocol: null,
73 verbose parsed url   slashes: null,
73 verbose parsed url   auth: null,
73 verbose parsed url   host: null,
73 verbose parsed url   port: null,
73 verbose parsed url   hostname: null,
73 verbose parsed url   hash: null,
73 verbose parsed url   search: null,
73 verbose parsed url   query: null,
73 verbose parsed url   pathname: '^2.1.0',
73 verbose parsed url   path: '^2.1.0',
73 verbose parsed url   href: '^2.1.0' }
74 verbose addNamed [ 'gulp-livereload', '^2.1.0' ]
75 verbose addNamed [ null, '>=2.1.0-0 <3.0.0-0' ]
76 silly lockFile 7da0f4c6-gulp-livereload-2-1-0 gulp-livereload@^2.1.0
77 verbose lock gulp-livereload@^2.1.0 /Users/chadreynolds/.npm/7da0f4c6-gulp-livereload-2-1-0.lock
78 verbose cache add name="gulp-notify" spec="^1.4.2" args=["gulp-notify","^1.4.2"]
79 verbose parsed url { protocol: null,
79 verbose parsed url   slashes: null,
79 verbose parsed url   auth: null,
79 verbose parsed url   host: null,
79 verbose parsed url   port: null,
79 verbose parsed url   hostname: null,
79 verbose parsed url   hash: null,
79 verbose parsed url   search: null,
79 verbose parsed url   query: null,
79 verbose parsed url   pathname: '^1.4.2',
79 verbose parsed url   path: '^1.4.2',
79 verbose parsed url   href: '^1.4.2' }
80 verbose addNamed [ 'gulp-notify', '^1.4.2' ]
81 verbose addNamed [ null, '>=1.4.2-0 <2.0.0-0' ]
82 silly lockFile 2a8bac14-gulp-notify-1-4-2 gulp-notify@^1.4.2
83 verbose lock gulp-notify@^1.4.2 /Users/chadreynolds/.npm/2a8bac14-gulp-notify-1-4-2.lock
84 verbose cache add name="gulp-streamify" spec="0.0.5" args=["gulp-streamify","0.0.5"]
85 verbose parsed url { protocol: null,
85 verbose parsed url   slashes: null,
85 verbose parsed url   auth: null,
85 verbose parsed url   host: null,
85 verbose parsed url   port: null,
85 verbose parsed url   hostname: null,
85 verbose parsed url   hash: null,
85 verbose parsed url   search: null,
85 verbose parsed url   query: null,
85 verbose parsed url   pathname: '0.0.5',
85 verbose parsed url   path: '0.0.5',
85 verbose parsed url   href: '0.0.5' }
86 verbose addNamed [ 'gulp-streamify', '0.0.5' ]
87 verbose addNamed [ '0.0.5', '0.0.5' ]
88 silly lockFile 4ae4b0e8-gulp-streamify-0-0-5 gulp-streamify@0.0.5
89 verbose lock gulp-streamify@0.0.5 /Users/chadreynolds/.npm/4ae4b0e8-gulp-streamify-0-0-5.lock
90 verbose cache add [ 'gulp-uglify@^0.3.1', null ]
91 verbose cache add name=undefined spec="gulp-uglify@^0.3.1" args=["gulp-uglify@^0.3.1",null]
92 verbose parsed url { protocol: null,
92 verbose parsed url   slashes: null,
92 verbose parsed url   auth: null,
92 verbose parsed url   host: null,
92 verbose parsed url   port: null,
92 verbose parsed url   hostname: null,
92 verbose parsed url   hash: null,
92 verbose parsed url   search: null,
92 verbose parsed url   query: null,
92 verbose parsed url   pathname: 'gulp-uglify@^0.3.1',
92 verbose parsed url   path: 'gulp-uglify@^0.3.1',
92 verbose parsed url   href: 'gulp-uglify@^0.3.1' }
93 verbose cache add [ 'gulp-util@^3.0.0', null ]
94 verbose cache add name=undefined spec="gulp-util@^3.0.0" args=["gulp-util@^3.0.0",null]
95 verbose parsed url { protocol: null,
95 verbose parsed url   slashes: null,
95 verbose parsed url   auth: null,
95 verbose parsed url   host: null,
95 verbose parsed url   port: null,
95 verbose parsed url   hostname: null,
95 verbose parsed url   hash: null,
95 verbose parsed url   search: null,
95 verbose parsed url   query: null,
95 verbose parsed url   pathname: 'gulp-util@^3.0.0',
95 verbose parsed url   path: 'gulp-util@^3.0.0',
95 verbose parsed url   href: 'gulp-util@^3.0.0' }
96 verbose cache add [ 'karma@^0.12.21', null ]
97 verbose cache add name=undefined spec="karma@^0.12.21" args=["karma@^0.12.21",null]
98 verbose parsed url { protocol: null,
98 verbose parsed url   slashes: null,
98 verbose parsed url   auth: null,
98 verbose parsed url   host: null,
98 verbose parsed url   port: null,
98 verbose parsed url   hostname: null,
98 verbose parsed url   hash: null,
98 verbose parsed url   search: null,
98 verbose parsed url   query: null,
98 verbose parsed url   pathname: 'karma@^0.12.21',
98 verbose parsed url   path: 'karma@^0.12.21',
98 verbose parsed url   href: 'karma@^0.12.21' }
99 verbose cache add [ 'karma-bro@^0.6.2', null ]
100 verbose cache add name=undefined spec="karma-bro@^0.6.2" args=["karma-bro@^0.6.2",null]
101 verbose parsed url { protocol: null,
101 verbose parsed url   slashes: null,
101 verbose parsed url   auth: null,
101 verbose parsed url   host: null,
101 verbose parsed url   port: null,
101 verbose parsed url   hostname: null,
101 verbose parsed url   hash: null,
101 verbose parsed url   search: null,
101 verbose parsed url   query: null,
101 verbose parsed url   pathname: 'karma-bro@^0.6.2',
101 verbose parsed url   path: 'karma-bro@^0.6.2',
101 verbose parsed url   href: 'karma-bro@^0.6.2' }
102 verbose cache add [ 'karma-chrome-launcher@^0.1.4', null ]
103 verbose cache add name=undefined spec="karma-chrome-launcher@^0.1.4" args=["karma-chrome-launcher@^0.1.4",null]
104 verbose parsed url { protocol: null,
104 verbose parsed url   slashes: null,
104 verbose parsed url   auth: null,
104 verbose parsed url   host: null,
104 verbose parsed url   port: null,
104 verbose parsed url   hostname: null,
104 verbose parsed url   hash: null,
104 verbose parsed url   search: null,
104 verbose parsed url   query: null,
104 verbose parsed url   pathname: 'karma-chrome-launcher@^0.1.4',
104 verbose parsed url   path: 'karma-chrome-launcher@^0.1.4',
104 verbose parsed url   href: 'karma-chrome-launcher@^0.1.4' }
105 verbose cache add [ 'karma-firefox-launcher@^0.1.3', null ]
106 verbose cache add name=undefined spec="karma-firefox-launcher@^0.1.3" args=["karma-firefox-launcher@^0.1.3",null]
107 verbose parsed url { protocol: null,
107 verbose parsed url   slashes: null,
107 verbose parsed url   auth: null,
107 verbose parsed url   host: null,
107 verbose parsed url   port: null,
107 verbose parsed url   hostname: null,
107 verbose parsed url   hash: null,
107 verbose parsed url   search: null,
107 verbose parsed url   query: null,
107 verbose parsed url   pathname: 'karma-firefox-launcher@^0.1.3',
107 verbose parsed url   path: 'karma-firefox-launcher@^0.1.3',
107 verbose parsed url   href: 'karma-firefox-launcher@^0.1.3' }
108 verbose cache add [ 'karma-mocha@^0.1.7', null ]
109 verbose cache add name=undefined spec="karma-mocha@^0.1.7" args=["karma-mocha@^0.1.7",null]
110 verbose parsed url { protocol: null,
110 verbose parsed url   slashes: null,
110 verbose parsed url   auth: null,
110 verbose parsed url   host: null,
110 verbose parsed url   port: null,
110 verbose parsed url   hostname: null,
110 verbose parsed url   hash: null,
110 verbose parsed url   search: null,
110 verbose parsed url   query: null,
110 verbose parsed url   pathname: 'karma-mocha@^0.1.7',
110 verbose parsed url   path: 'karma-mocha@^0.1.7',
110 verbose parsed url   href: 'karma-mocha@^0.1.7' }
111 verbose cache add name="gulp-uglify" spec="^0.3.1" args=["gulp-uglify","^0.3.1"]
112 verbose parsed url { protocol: null,
112 verbose parsed url   slashes: null,
112 verbose parsed url   auth: null,
112 verbose parsed url   host: null,
112 verbose parsed url   port: null,
112 verbose parsed url   hostname: null,
112 verbose parsed url   hash: null,
112 verbose parsed url   search: null,
112 verbose parsed url   query: null,
112 verbose parsed url   pathname: '^0.3.1',
112 verbose parsed url   path: '^0.3.1',
112 verbose parsed url   href: '^0.3.1' }
113 verbose addNamed [ 'gulp-uglify', '^0.3.1' ]
114 verbose addNamed [ null, '>=0.3.1-0 <0.4.0-0' ]
115 silly lockFile 965066dc-gulp-uglify-0-3-1 gulp-uglify@^0.3.1
116 verbose lock gulp-uglify@^0.3.1 /Users/chadreynolds/.npm/965066dc-gulp-uglify-0-3-1.lock
117 verbose cache add name="gulp-util" spec="^3.0.0" args=["gulp-util","^3.0.0"]
118 verbose parsed url { protocol: null,
118 verbose parsed url   slashes: null,
118 verbose parsed url   auth: null,
118 verbose parsed url   host: null,
118 verbose parsed url   port: null,
118 verbose parsed url   hostname: null,
118 verbose parsed url   hash: null,
118 verbose parsed url   search: null,
118 verbose parsed url   query: null,
118 verbose parsed url   pathname: '^3.0.0',
118 verbose parsed url   path: '^3.0.0',
118 verbose parsed url   href: '^3.0.0' }
119 verbose addNamed [ 'gulp-util', '^3.0.0' ]
120 verbose addNamed [ null, '>=3.0.0-0 <4.0.0-0' ]
121 silly lockFile dfa9a863-gulp-util-3-0-0 gulp-util@^3.0.0
122 verbose lock gulp-util@^3.0.0 /Users/chadreynolds/.npm/dfa9a863-gulp-util-3-0-0.lock
123 verbose cache add name="karma" spec="^0.12.21" args=["karma","^0.12.21"]
124 verbose parsed url { protocol: null,
124 verbose parsed url   slashes: null,
124 verbose parsed url   auth: null,
124 verbose parsed url   host: null,
124 verbose parsed url   port: null,
124 verbose parsed url   hostname: null,
124 verbose parsed url   hash: null,
124 verbose parsed url   search: null,
124 verbose parsed url   query: null,
124 verbose parsed url   pathname: '^0.12.21',
124 verbose parsed url   path: '^0.12.21',
124 verbose parsed url   href: '^0.12.21' }
125 verbose addNamed [ 'karma', '^0.12.21' ]
126 verbose addNamed [ null, '>=0.12.21-0 <0.13.0-0' ]
127 silly lockFile 35ff5c57-karma-0-12-21 karma@^0.12.21
128 verbose lock karma@^0.12.21 /Users/chadreynolds/.npm/35ff5c57-karma-0-12-21.lock
129 verbose cache add name="karma-bro" spec="^0.6.2" args=["karma-bro","^0.6.2"]
130 verbose parsed url { protocol: null,
130 verbose parsed url   slashes: null,
130 verbose parsed url   auth: null,
130 verbose parsed url   host: null,
130 verbose parsed url   port: null,
130 verbose parsed url   hostname: null,
130 verbose parsed url   hash: null,
130 verbose parsed url   search: null,
130 verbose parsed url   query: null,
130 verbose parsed url   pathname: '^0.6.2',
130 verbose parsed url   path: '^0.6.2',
130 verbose parsed url   href: '^0.6.2' }
131 verbose addNamed [ 'karma-bro', '^0.6.2' ]
132 verbose addNamed [ null, '>=0.6.2-0 <0.7.0-0' ]
133 silly lockFile ea28fb25-karma-bro-0-6-2 karma-bro@^0.6.2
134 verbose lock karma-bro@^0.6.2 /Users/chadreynolds/.npm/ea28fb25-karma-bro-0-6-2.lock
135 verbose cache add name="karma-chrome-launcher" spec="^0.1.4" args=["karma-chrome-launcher","^0.1.4"]
136 verbose parsed url { protocol: null,
136 verbose parsed url   slashes: null,
136 verbose parsed url   auth: null,
136 verbose parsed url   host: null,
136 verbose parsed url   port: null,
136 verbose parsed url   hostname: null,
136 verbose parsed url   hash: null,
136 verbose parsed url   search: null,
136 verbose parsed url   query: null,
136 verbose parsed url   pathname: '^0.1.4',
136 verbose parsed url   path: '^0.1.4',
136 verbose parsed url   href: '^0.1.4' }
137 verbose addNamed [ 'karma-chrome-launcher', '^0.1.4' ]
138 verbose addNamed [ null, '>=0.1.4-0 <0.2.0-0' ]
139 silly lockFile cd7d8138-karma-chrome-launcher-0-1-4 karma-chrome-launcher@^0.1.4
140 verbose lock karma-chrome-launcher@^0.1.4 /Users/chadreynolds/.npm/cd7d8138-karma-chrome-launcher-0-1-4.lock
141 verbose cache add name="karma-firefox-launcher" spec="^0.1.3" args=["karma-firefox-launcher","^0.1.3"]
142 verbose parsed url { protocol: null,
142 verbose parsed url   slashes: null,
142 verbose parsed url   auth: null,
142 verbose parsed url   host: null,
142 verbose parsed url   port: null,
142 verbose parsed url   hostname: null,
142 verbose parsed url   hash: null,
142 verbose parsed url   search: null,
142 verbose parsed url   query: null,
142 verbose parsed url   pathname: '^0.1.3',
142 verbose parsed url   path: '^0.1.3',
142 verbose parsed url   href: '^0.1.3' }
143 verbose addNamed [ 'karma-firefox-launcher', '^0.1.3' ]
144 verbose addNamed [ null, '>=0.1.3-0 <0.2.0-0' ]
145 silly lockFile d6cf90b9-karma-firefox-launcher-0-1-3 karma-firefox-launcher@^0.1.3
146 verbose lock karma-firefox-launcher@^0.1.3 /Users/chadreynolds/.npm/d6cf90b9-karma-firefox-launcher-0-1-3.lock
147 verbose cache add [ 'karma-phantomjs-launcher@^0.1.4', null ]
148 verbose cache add name=undefined spec="karma-phantomjs-launcher@^0.1.4" args=["karma-phantomjs-launcher@^0.1.4",null]
149 verbose parsed url { protocol: null,
149 verbose parsed url   slashes: null,
149 verbose parsed url   auth: null,
149 verbose parsed url   host: null,
149 verbose parsed url   port: null,
149 verbose parsed url   hostname: null,
149 verbose parsed url   hash: null,
149 verbose parsed url   search: null,
149 verbose parsed url   query: null,
149 verbose parsed url   pathname: 'karma-phantomjs-launcher@^0.1.4',
149 verbose parsed url   path: 'karma-phantomjs-launcher@^0.1.4',
149 verbose parsed url   href: 'karma-phantomjs-launcher@^0.1.4' }
150 verbose cache add [ 'mocha@^1.21.4', null ]
151 verbose cache add name=undefined spec="mocha@^1.21.4" args=["mocha@^1.21.4",null]
152 verbose parsed url { protocol: null,
152 verbose parsed url   slashes: null,
152 verbose parsed url   auth: null,
152 verbose parsed url   host: null,
152 verbose parsed url   port: null,
152 verbose parsed url   hostname: null,
152 verbose parsed url   hash: null,
152 verbose parsed url   search: null,
152 verbose parsed url   query: null,
152 verbose parsed url   pathname: 'mocha@^1.21.4',
152 verbose parsed url   path: 'mocha@^1.21.4',
152 verbose parsed url   href: 'mocha@^1.21.4' }
153 verbose cache add [ 'react@^0.11.1', null ]
154 verbose cache add name=undefined spec="react@^0.11.1" args=["react@^0.11.1",null]
155 verbose parsed url { protocol: null,
155 verbose parsed url   slashes: null,
155 verbose parsed url   auth: null,
155 verbose parsed url   host: null,
155 verbose parsed url   port: null,
155 verbose parsed url   hostname: null,
155 verbose parsed url   hash: null,
155 verbose parsed url   search: null,
155 verbose parsed url   query: null,
155 verbose parsed url   pathname: 'react@^0.11.1',
155 verbose parsed url   path: 'react@^0.11.1',
155 verbose parsed url   href: 'react@^0.11.1' }
156 verbose cache add [ 'react-tools@^0.11.1', null ]
157 verbose cache add name=undefined spec="react-tools@^0.11.1" args=["react-tools@^0.11.1",null]
158 verbose parsed url { protocol: null,
158 verbose parsed url   slashes: null,
158 verbose parsed url   auth: null,
158 verbose parsed url   host: null,
158 verbose parsed url   port: null,
158 verbose parsed url   hostname: null,
158 verbose parsed url   hash: null,
158 verbose parsed url   search: null,
158 verbose parsed url   query: null,
158 verbose parsed url   pathname: 'react-tools@^0.11.1',
158 verbose parsed url   path: 'react-tools@^0.11.1',
158 verbose parsed url   href: 'react-tools@^0.11.1' }
159 verbose cache add name="karma-mocha" spec="^0.1.7" args=["karma-mocha","^0.1.7"]
160 verbose parsed url { protocol: null,
160 verbose parsed url   slashes: null,
160 verbose parsed url   auth: null,
160 verbose parsed url   host: null,
160 verbose parsed url   port: null,
160 verbose parsed url   hostname: null,
160 verbose parsed url   hash: null,
160 verbose parsed url   search: null,
160 verbose parsed url   query: null,
160 verbose parsed url   pathname: '^0.1.7',
160 verbose parsed url   path: '^0.1.7',
160 verbose parsed url   href: '^0.1.7' }
161 verbose addNamed [ 'karma-mocha', '^0.1.7' ]
162 verbose addNamed [ null, '>=0.1.7-0 <0.2.0-0' ]
163 silly lockFile 7ac12b70-karma-mocha-0-1-7 karma-mocha@^0.1.7
164 verbose lock karma-mocha@^0.1.7 /Users/chadreynolds/.npm/7ac12b70-karma-mocha-0-1-7.lock
165 verbose cache add name="karma-phantomjs-launcher" spec="^0.1.4" args=["karma-phantomjs-launcher","^0.1.4"]
166 verbose parsed url { protocol: null,
166 verbose parsed url   slashes: null,
166 verbose parsed url   auth: null,
166 verbose parsed url   host: null,
166 verbose parsed url   port: null,
166 verbose parsed url   hostname: null,
166 verbose parsed url   hash: null,
166 verbose parsed url   search: null,
166 verbose parsed url   query: null,
166 verbose parsed url   pathname: '^0.1.4',
166 verbose parsed url   path: '^0.1.4',
166 verbose parsed url   href: '^0.1.4' }
167 verbose addNamed [ 'karma-phantomjs-launcher', '^0.1.4' ]
168 verbose addNamed [ null, '>=0.1.4-0 <0.2.0-0' ]
169 silly lockFile a2b6b896-karma-phantomjs-launcher-0-1-4 karma-phantomjs-launcher@^0.1.4
170 verbose lock karma-phantomjs-launcher@^0.1.4 /Users/chadreynolds/.npm/a2b6b896-karma-phantomjs-launcher-0-1-4.lock
171 verbose cache add name="mocha" spec="^1.21.4" args=["mocha","^1.21.4"]
172 verbose parsed url { protocol: null,
172 verbose parsed url   slashes: null,
172 verbose parsed url   auth: null,
172 verbose parsed url   host: null,
172 verbose parsed url   port: null,
172 verbose parsed url   hostname: null,
172 verbose parsed url   hash: null,
172 verbose parsed url   search: null,
172 verbose parsed url   query: null,
172 verbose parsed url   pathname: '^1.21.4',
172 verbose parsed url   path: '^1.21.4',
172 verbose parsed url   href: '^1.21.4' }
173 verbose addNamed [ 'mocha', '^1.21.4' ]
174 verbose addNamed [ null, '>=1.21.4-0 <2.0.0-0' ]
175 silly lockFile baa35922-mocha-1-21-4 mocha@^1.21.4
176 verbose lock mocha@^1.21.4 /Users/chadreynolds/.npm/baa35922-mocha-1-21-4.lock
177 verbose cache add name="react" spec="^0.11.1" args=["react","^0.11.1"]
178 verbose parsed url { protocol: null,
178 verbose parsed url   slashes: null,
178 verbose parsed url   auth: null,
178 verbose parsed url   host: null,
178 verbose parsed url   port: null,
178 verbose parsed url   hostname: null,
178 verbose parsed url   hash: null,
178 verbose parsed url   search: null,
178 verbose parsed url   query: null,
178 verbose parsed url   pathname: '^0.11.1',
178 verbose parsed url   path: '^0.11.1',
178 verbose parsed url   href: '^0.11.1' }
179 verbose addNamed [ 'react', '^0.11.1' ]
180 verbose addNamed [ null, '>=0.11.1-0 <0.12.0-0' ]
181 silly lockFile e6938641-react-0-11-1 react@^0.11.1
182 verbose lock react@^0.11.1 /Users/chadreynolds/.npm/e6938641-react-0-11-1.lock
183 verbose cache add name="react-tools" spec="^0.11.1" args=["react-tools","^0.11.1"]
184 verbose parsed url { protocol: null,
184 verbose parsed url   slashes: null,
184 verbose parsed url   auth: null,
184 verbose parsed url   host: null,
184 verbose parsed url   port: null,
184 verbose parsed url   hostname: null,
184 verbose parsed url   hash: null,
184 verbose parsed url   search: null,
184 verbose parsed url   query: null,
184 verbose parsed url   pathname: '^0.11.1',
184 verbose parsed url   path: '^0.11.1',
184 verbose parsed url   href: '^0.11.1' }
185 verbose addNamed [ 'react-tools', '^0.11.1' ]
186 verbose addNamed [ null, '>=0.11.1-0 <0.12.0-0' ]
187 silly lockFile 70dd609e-react-tools-0-11-1 react-tools@^0.11.1
188 verbose lock react-tools@^0.11.1 /Users/chadreynolds/.npm/70dd609e-react-tools-0-11-1.lock
189 verbose cache add [ 'reactify@^0.14.0', null ]
190 verbose cache add name=undefined spec="reactify@^0.14.0" args=["reactify@^0.14.0",null]
191 verbose parsed url { protocol: null,
191 verbose parsed url   slashes: null,
191 verbose parsed url   auth: null,
191 verbose parsed url   host: null,
191 verbose parsed url   port: null,
191 verbose parsed url   hostname: null,
191 verbose parsed url   hash: null,
191 verbose parsed url   search: null,
191 verbose parsed url   query: null,
191 verbose parsed url   pathname: 'reactify@^0.14.0',
191 verbose parsed url   path: 'reactify@^0.14.0',
191 verbose parsed url   href: 'reactify@^0.14.0' }
192 verbose cache add [ 'vinyl-source-stream@^0.1.1', null ]
193 verbose cache add name=undefined spec="vinyl-source-stream@^0.1.1" args=["vinyl-source-stream@^0.1.1",null]
194 verbose parsed url { protocol: null,
194 verbose parsed url   slashes: null,
194 verbose parsed url   auth: null,
194 verbose parsed url   host: null,
194 verbose parsed url   port: null,
194 verbose parsed url   hostname: null,
194 verbose parsed url   hash: null,
194 verbose parsed url   search: null,
194 verbose parsed url   query: null,
194 verbose parsed url   pathname: 'vinyl-source-stream@^0.1.1',
194 verbose parsed url   path: 'vinyl-source-stream@^0.1.1',
194 verbose parsed url   href: 'vinyl-source-stream@^0.1.1' }
195 verbose cache add [ 'watchify@^1.0.2', null ]
196 verbose cache add name=undefined spec="watchify@^1.0.2" args=["watchify@^1.0.2",null]
197 verbose parsed url { protocol: null,
197 verbose parsed url   slashes: null,
197 verbose parsed url   auth: null,
197 verbose parsed url   host: null,
197 verbose parsed url   port: null,
197 verbose parsed url   hostname: null,
197 verbose parsed url   hash: null,
197 verbose parsed url   search: null,
197 verbose parsed url   query: null,
197 verbose parsed url   pathname: 'watchify@^1.0.2',
197 verbose parsed url   path: 'watchify@^1.0.2',
197 verbose parsed url   href: 'watchify@^1.0.2' }
198 verbose cache add name="reactify" spec="^0.14.0" args=["reactify","^0.14.0"]
199 verbose parsed url { protocol: null,
199 verbose parsed url   slashes: null,
199 verbose parsed url   auth: null,
199 verbose parsed url   host: null,
199 verbose parsed url   port: null,
199 verbose parsed url   hostname: null,
199 verbose parsed url   hash: null,
199 verbose parsed url   search: null,
199 verbose parsed url   query: null,
199 verbose parsed url   pathname: '^0.14.0',
199 verbose parsed url   path: '^0.14.0',
199 verbose parsed url   href: '^0.14.0' }
200 verbose addNamed [ 'reactify', '^0.14.0' ]
201 verbose addNamed [ null, '>=0.14.0-0 <0.15.0-0' ]
202 silly lockFile 61f58f58-reactify-0-14-0 reactify@^0.14.0
203 verbose lock reactify@^0.14.0 /Users/chadreynolds/.npm/61f58f58-reactify-0-14-0.lock
204 verbose cache add name="vinyl-source-stream" spec="^0.1.1" args=["vinyl-source-stream","^0.1.1"]
205 verbose parsed url { protocol: null,
205 verbose parsed url   slashes: null,
205 verbose parsed url   auth: null,
205 verbose parsed url   host: null,
205 verbose parsed url   port: null,
205 verbose parsed url   hostname: null,
205 verbose parsed url   hash: null,
205 verbose parsed url   search: null,
205 verbose parsed url   query: null,
205 verbose parsed url   pathname: '^0.1.1',
205 verbose parsed url   path: '^0.1.1',
205 verbose parsed url   href: '^0.1.1' }
206 verbose addNamed [ 'vinyl-source-stream', '^0.1.1' ]
207 verbose addNamed [ null, '>=0.1.1-0 <0.2.0-0' ]
208 silly lockFile 19bdd3da-vinyl-source-stream-0-1-1 vinyl-source-stream@^0.1.1
209 verbose lock vinyl-source-stream@^0.1.1 /Users/chadreynolds/.npm/19bdd3da-vinyl-source-stream-0-1-1.lock
210 verbose cache add name="watchify" spec="^1.0.2" args=["watchify","^1.0.2"]
211 verbose parsed url { protocol: null,
211 verbose parsed url   slashes: null,
211 verbose parsed url   auth: null,
211 verbose parsed url   host: null,
211 verbose parsed url   port: null,
211 verbose parsed url   hostname: null,
211 verbose parsed url   hash: null,
211 verbose parsed url   search: null,
211 verbose parsed url   query: null,
211 verbose parsed url   pathname: '^1.0.2',
211 verbose parsed url   path: '^1.0.2',
211 verbose parsed url   href: '^1.0.2' }
212 verbose addNamed [ 'watchify', '^1.0.2' ]
213 verbose addNamed [ null, '>=1.0.2-0 <2.0.0-0' ]
214 silly lockFile da550681-watchify-1-0-2 watchify@^1.0.2
215 verbose lock watchify@^1.0.2 /Users/chadreynolds/.npm/da550681-watchify-1-0-2.lock
216 silly lockFile 659cf069-browserify-5-9-3 browserify@^5.9.3
217 error Error: Attempt to unlock browserify@^5.9.3, which hasn't been locked
217 error     at unlock (/usr/local/lib/node_modules/npm/lib/utils/locker.js:44:11)
217 error     at cb (/usr/local/lib/node_modules/npm/lib/cache/add-named.js:32:5)
217 error     at /usr/local/lib/node_modules/npm/lib/cache/add-named.js:41:20
217 error     at /usr/local/lib/node_modules/npm/lib/utils/locker.js:30:7
217 error     at cb (/usr/local/lib/node_modules/npm/node_modules/lockfile/lockfile.js:149:38)
217 error     at /usr/local/lib/node_modules/npm/node_modules/lockfile/lockfile.js:177:38
217 error     at Object.oncomplete (fs.js:107:15)
218 error If you need help, you may report this *entire* log,
218 error including the npm and node versions, at:
218 error     <http://github.com/npm/npm/issues>
219 error System Darwin 13.3.0
220 error command "node" "/usr/local/bin/npm" "install"
221 error cwd /Users/chadreynolds/SourceCode/github.com/seerey/helloworld
222 error node -v v0.10.32
223 error npm -v 1.4.28
224 verbose exit [ 1, true ]
